{"message":"it works!!","level":"info"}
{"message":"it works!!","level":"info"}
{"message":"it works!!","level":"info"}
{"message":"it works!!","level":"info"}
{"message":"it works!!","level":"info"}
{"message":"it works!!","level":"info"}
{"message":"it works!!","level":"info"}
{"message":"it works!!","level":"info"}
{"message":"it works!!","level":"info"}
{"message":"Connected to database","level":"info"}
{"message":"App is listening on port 8080","level":"info"}
{"message":"App is running in production environment","level":"info"}
{"message":"Worker process id: 2812","level":"info"}
{"message":"=========================================","level":"info"}
{"message":"Connected to database","level":"info"}
{"message":"Connected to database","level":"info"}
{"message":"App is listening on port 8080","level":"info"}
{"message":"App is running in production environment","level":"info"}
{"message":"Worker process id: 9960","level":"info"}
{"message":"=========================================","level":"info"}
{"message":"Connected to database","level":"info"}
{"message":"App is listening on port 8080","level":"info"}
{"message":"App is running in production environment","level":"info"}
{"message":"Worker process id: 9288","level":"info"}
{"message":"=========================================","level":"info"}
{"message":"Connected to database","level":"info"}
{"message":"App is listening on port 8080","level":"info"}
{"message":"App is running in production environment","level":"info"}
{"message":"Worker process id: 1260","level":"info"}
{"message":"=========================================","level":"info"}
{"message":"App is listening on port 8080","level":"info"}
{"message":"App is running in production environment","level":"info"}
{"message":"Worker process id: 4496","level":"info"}
{"message":"=========================================","level":"info"}
{"message":"Connected to database","level":"info"}
{"message":"App is listening on port 8080","level":"info"}
{"message":"Connected to database","level":"info"}
{"message":"App is running in production environment","level":"info"}
{"message":"Worker process id: 9268","level":"info"}
{"message":"=========================================","level":"info"}
{"message":"App is listening on port 8080","level":"info"}
{"message":"App is running in production environment","level":"info"}
{"message":"Worker process id: 6280","level":"info"}
{"message":"=========================================","level":"info"}
{"message":"Connected to database","level":"info"}
{"message":"App is listening on port 8080","level":"info"}
{"message":"App is running in production environment","level":"info"}
{"message":"Worker process id: 744","level":"info"}
{"message":"=========================================","level":"info"}
{"message":"Connected to database","level":"info"}
{"message":"App is listening on port 8080","level":"info"}
{"message":"App is running in production environment","level":"info"}
{"message":"Worker process id: 11764","level":"info"}
{"message":"=========================================","level":"info"}
{"message":"Connected to database","level":"info"}
{"message":"App is listening on port 8080","level":"info"}
{"message":"App is running in production environment","level":"info"}
{"message":"Worker process id: 10388","level":"info"}
{"message":"=========================================","level":"info"}
{"message":"Connected to database","level":"info"}
{"message":"Connected to database","level":"info"}
{"message":"App is listening on port 8080","level":"info"}
{"message":"App is running in production environment","level":"info"}
{"message":"Worker process id: 8332","level":"info"}
{"message":"=========================================","level":"info"}
{"message":"Connected to database","level":"info"}
{"message":"App is listening on port 8080","level":"info"}
{"message":"App is running in production environment","level":"info"}
{"message":"Worker process id: 11788","level":"info"}
{"message":"=========================================","level":"info"}
{"message":"App is listening on port 8080","level":"info"}
{"message":"App is running in production environment","level":"info"}
{"message":"Worker process id: 288","level":"info"}
{"message":"=========================================","level":"info"}
{"message":"Connected to database","level":"info"}
{"message":"App is listening on port 8080","level":"info"}
{"message":"App is running in production environment","level":"info"}
{"message":"Worker process id: 13620","level":"info"}
{"message":"=========================================","level":"info"}
{"message":"Connected to database","level":"info"}
{"message":"App is listening on port 8080","level":"info"}
{"message":"App is running in production environment","level":"info"}
{"message":"Worker process id: 604","level":"info"}
{"message":"=========================================","level":"info"}
{"message":"Connected to database","level":"info"}
{"message":"App is listening on port 8080","level":"info"}
{"message":"App is running in production environment","level":"info"}
{"message":"Worker process id: 5660","level":"info"}
{"message":"=========================================","level":"info"}
{"message":"Connected to database","level":"info"}
{"message":"Connected to database","level":"info"}
{"message":"Connected to database","level":"info"}
{"message":"App is listening on port 8080","level":"info"}
{"message":"App is listening on port 8080","level":"info"}
{"message":"App is running in production environment","level":"info"}
{"message":"Worker process id: 2944","level":"info"}
{"message":"=========================================","level":"info"}
{"message":"App is listening on port 8080","level":"info"}
{"message":"App is running in production environment","level":"info"}
{"message":"Worker process id: 12680","level":"info"}
{"message":"=========================================","level":"info"}
{"message":"Connected to database","level":"info"}
{"message":"Connected to database","level":"info"}
{"message":"App is running in production environment","level":"info"}
{"message":"Worker process id: 11952","level":"info"}
{"message":"=========================================","level":"info"}
{"message":"Connected to database","level":"info"}
{"message":"Connected to database","level":"info"}
{"message":"App is listening on port 8080","level":"info"}
{"message":"App is listening on port 8080","level":"info"}
{"message":"App is running in production environment","level":"info"}
{"message":"Worker process id: 8972","level":"info"}
{"message":"=========================================","level":"info"}
{"message":"App is running in production environment","level":"info"}
{"message":"Worker process id: 7328","level":"info"}
{"message":"=========================================","level":"info"}
{"message":"App is listening on port 8080","level":"info"}
{"message":"App is running in production environment","level":"info"}
{"message":"Worker process id: 8436","level":"info"}
{"message":"=========================================","level":"info"}
{"message":"App is listening on port 8080","level":"info"}
{"message":"App is running in production environment","level":"info"}
{"message":"Worker process id: 5172","level":"info"}
{"message":"=========================================","level":"info"}
{"message":"Connected to database","level":"info"}
{"message":"App is listening on port 8080","level":"info"}
{"message":"App is running in production environment","level":"info"}
{"message":"Worker process id: 13220","level":"info"}
{"message":"=========================================","level":"info"}
{"message":"Connected to database","level":"info"}
{"message":"Connected to database","level":"info"}
{"message":"Connected to database","level":"info"}
{"message":"App is listening on port 8080","level":"info"}
{"message":"App is running in production environment","level":"info"}
{"message":"Worker process id: 10908","level":"info"}
{"message":"=========================================","level":"info"}
{"message":"App is listening on port 8080","level":"info"}
{"message":"App is listening on port 8080","level":"info"}
{"message":"App is running in production environment","level":"info"}
{"message":"Worker process id: 920","level":"info"}
{"message":"=========================================","level":"info"}
{"message":"App is running in production environment","level":"info"}
{"message":"Worker process id: 11304","level":"info"}
{"message":"=========================================","level":"info"}
{"message":"Connected to database","level":"info"}
{"message":"Connected to database","level":"info"}
{"message":"App is listening on port 8080","level":"info"}
{"message":"App is running in production environment","level":"info"}
{"message":"Worker process id: 2056","level":"info"}
{"message":"=========================================","level":"info"}
{"message":"App is listening on port 8080","level":"info"}
{"message":"App is running in production environment","level":"info"}
{"message":"Worker process id: 7004","level":"info"}
{"message":"=========================================","level":"info"}
{"message":"Connected to database","level":"info"}
{"message":"Connected to database","level":"info"}
{"message":"App is listening on port 8080","level":"info"}
{"message":"App is running in production environment","level":"info"}
{"message":"Worker process id: 1232","level":"info"}
{"message":"=========================================","level":"info"}
{"message":"App is listening on port 8080","level":"info"}
{"message":"App is running in production environment","level":"info"}
{"message":"Worker process id: 11868","level":"info"}
{"message":"=========================================","level":"info"}
{"message":"Connected to database","level":"info"}
{"message":"App is listening on port 8080","level":"info"}
{"message":"App is running in production environment","level":"info"}
{"message":"Worker process id: 5320","level":"info"}
{"message":"=========================================","level":"info"}
{"message":"Connected to database","level":"info"}
{"message":"Connected to database","level":"info"}
{"message":"App is listening on port 8080","level":"info"}
{"message":"App is running in production environment","level":"info"}
{"message":"Worker process id: 4960","level":"info"}
{"message":"=========================================","level":"info"}
{"message":"App is listening on port 8080","level":"info"}
{"message":"App is running in production environment","level":"info"}
{"message":"Worker process id: 13112","level":"info"}
{"message":"=========================================","level":"info"}
{"message":"Connected to database","level":"info"}
{"message":"Connected to database","level":"info"}
{"message":"App is listening on port 8080","level":"info"}
{"message":"App is running in production environment","level":"info"}
{"message":"Worker process id: 10000","level":"info"}
{"message":"=========================================","level":"info"}
{"message":"App is listening on port 8080","level":"info"}
{"message":"App is running in production environment","level":"info"}
{"message":"Worker process id: 7568","level":"info"}
{"message":"=========================================","level":"info"}
{"message":"Connected to database","level":"info"}
{"message":"App is listening on port 8080","level":"info"}
{"message":"App is running in production environment","level":"info"}
{"message":"Worker process id: 13564","level":"info"}
{"message":"=========================================","level":"info"}
{"message":"Connected to database","level":"info"}
{"message":"App is listening on port 8080","level":"info"}
{"message":"Connected to database","level":"info"}
{"message":"App is running in production environment","level":"info"}
{"message":"Worker process id: 7684","level":"info"}
{"message":"=========================================","level":"info"}
{"message":"App is listening on port 8080","level":"info"}
{"message":"App is running in production environment","level":"info"}
{"message":"Worker process id: 6196","level":"info"}
{"message":"=========================================","level":"info"}
{"message":"Connected to database","level":"info"}
{"message":"App is listening on port 8080","level":"info"}
{"message":"App is running in production environment","level":"info"}
{"message":"Worker process id: 8336","level":"info"}
{"message":"=========================================","level":"info"}
{"message":"Connected to database","level":"info"}
{"message":"Connected to database","level":"info"}
{"message":"App is listening on port 8080","level":"info"}
{"message":"Connected to database","level":"info"}
{"message":"App is running in production environment","level":"info"}
{"message":"Worker process id: 11532","level":"info"}
{"message":"=========================================","level":"info"}
{"message":"App is listening on port 8080","level":"info"}
{"message":"App is running in production environment","level":"info"}
{"message":"Worker process id: 10404","level":"info"}
{"message":"=========================================","level":"info"}
{"message":"App is listening on port 8080","level":"info"}
{"message":"App is running in production environment","level":"info"}
{"message":"Worker process id: 7356","level":"info"}
{"message":"=========================================","level":"info"}
{"message":"Connected to database","level":"info"}
{"message":"App is listening on port 8080","level":"info"}
{"message":"App is running in production environment","level":"info"}
{"message":"Worker process id: 13068","level":"info"}
{"message":"=========================================","level":"info"}
{"message":"Connected to database","level":"info"}
{"message":"Connected to database","level":"info"}
{"message":"App is listening on port 8080","level":"info"}
{"message":"App is listening on port 8080","level":"info"}
{"message":"App is running in production environment","level":"info"}
{"message":"Worker process id: 6192","level":"info"}
{"message":"=========================================","level":"info"}
{"message":"App is running in production environment","level":"info"}
{"message":"Worker process id: 10188","level":"info"}
{"message":"=========================================","level":"info"}
{"message":"Connected to database","level":"info"}
{"message":"App is listening on port 8080","level":"info"}
{"message":"App is running in production environment","level":"info"}
{"message":"Worker process id: 11052","level":"info"}
{"message":"=========================================","level":"info"}
{"message":"Connected to database","level":"info"}
{"message":"App is listening on port 8080","level":"info"}
{"message":"App is running in production environment","level":"info"}
{"message":"Worker process id: 10600","level":"info"}
{"message":"=========================================","level":"info"}
{"message":"Connected to database","level":"info"}
{"message":"Connected to database","level":"info"}
{"message":"Connected to database","level":"info"}
{"message":"Connected to database","level":"info"}
{"message":"App is listening on port 8080","level":"info"}
{"message":"Connected to database","level":"info"}
{"message":"App is listening on port 8080","level":"info"}
{"message":"App is running in production environment","level":"info"}
{"message":"Worker process id: 7004","level":"info"}
{"message":"=========================================","level":"info"}
{"message":"App is running in production environment","level":"info"}
{"message":"Worker process id: 13508","level":"info"}
{"message":"=========================================","level":"info"}
{"message":"App is listening on port 8080","level":"info"}
{"message":"App is running in production environment","level":"info"}
{"message":"Worker process id: 6780","level":"info"}
{"message":"=========================================","level":"info"}
{"message":"App is listening on port 8080","level":"info"}
{"message":"App is listening on port 8080","level":"info"}
{"message":"App is running in production environment","level":"info"}
{"message":"Worker process id: 12232","level":"info"}
{"message":"=========================================","level":"info"}
{"message":"App is running in production environment","level":"info"}
{"message":"Worker process id: 4580","level":"info"}
{"message":"=========================================","level":"info"}
{"message":"Connected to database","level":"info"}
{"message":"Connected to database","level":"info"}
{"message":"App is listening on port 8080","level":"info"}
{"message":"App is listening on port 8080","level":"info"}
{"message":"App is running in production environment","level":"info"}
{"message":"Worker process id: 11364","level":"info"}
{"message":"=========================================","level":"info"}
{"message":"Connected to database","level":"info"}
{"message":"App is running in production environment","level":"info"}
{"message":"Worker process id: 12648","level":"info"}
{"message":"=========================================","level":"info"}
{"message":"App is listening on port 8080","level":"info"}
{"message":"App is running in production environment","level":"info"}
{"message":"Worker process id: 12516","level":"info"}
{"message":"=========================================","level":"info"}
{"message":"Connected to database","level":"info"}
{"message":"App is listening on port 8080","level":"info"}
{"message":"App is running in production environment","level":"info"}
{"message":"Worker process id: 5852","level":"info"}
{"message":"=========================================","level":"info"}
{"message":"Connected to database","level":"info"}
{"message":"App is listening on port 8080","level":"info"}
{"message":"App is running in production environment","level":"info"}
{"message":"Worker process id: 12628","level":"info"}
{"message":"=========================================","level":"info"}
{"message":"Connected to database","level":"info"}
{"message":"App is listening on port 8080","level":"info"}
{"message":"App is running in production environment","level":"info"}
{"message":"Worker process id: 11380","level":"info"}
{"message":"=========================================","level":"info"}
{"message":"Connected to database","level":"info"}
{"message":"Connected to database","level":"info"}
{"message":"App is listening on port 8080","level":"info"}
{"message":"App is running in production environment","level":"info"}
{"message":"Worker process id: 6512","level":"info"}
{"message":"=========================================","level":"info"}
{"message":"App is listening on port 8080","level":"info"}
{"message":"App is running in production environment","level":"info"}
{"message":"Worker process id: 7848","level":"info"}
{"message":"=========================================","level":"info"}
{"message":"Connected to database","level":"info"}
{"message":"App is listening on port 8080","level":"info"}
{"message":"App is running in production environment","level":"info"}
{"message":"Worker process id: 14276","level":"info"}
{"message":"=========================================","level":"info"}
{"message":"Connected to database","level":"info"}
{"message":"Connected to database","level":"info"}
{"message":"App is listening on port 8080","level":"info"}
{"message":"App is running in production environment","level":"info"}
{"message":"Worker process id: 9808","level":"info"}
{"message":"=========================================","level":"info"}
{"message":"App is listening on port 8080","level":"info"}
{"message":"App is running in production environment","level":"info"}
{"message":"Worker process id: 6996","level":"info"}
{"message":"=========================================","level":"info"}
{"message":"Connected to database","level":"info"}
{"message":"Connected to database","level":"info"}
{"message":"Connected to database","level":"info"}
{"message":"App is listening on port 8080","level":"info"}
{"message":"App is running in production environment","level":"info"}
{"message":"Worker process id: 7160","level":"info"}
{"message":"=========================================","level":"info"}
{"message":"App is listening on port 8080","level":"info"}
{"message":"App is running in production environment","level":"info"}
{"message":"Worker process id: 10680","level":"info"}
{"message":"=========================================","level":"info"}
{"message":"App is listening on port 8080","level":"info"}
{"message":"App is running in production environment","level":"info"}
{"message":"Worker process id: 384","level":"info"}
{"message":"=========================================","level":"info"}
{"message":"Connected to database","level":"info"}
{"message":"App is listening on port 8080","level":"info"}
{"message":"App is running in production environment","level":"info"}
{"message":"Worker process id: 12880","level":"info"}
{"message":"=========================================","level":"info"}
{"message":"Connected to database","level":"info"}
{"message":"App is listening on port 8080","level":"info"}
{"message":"App is running in production environment","level":"info"}
{"message":"Worker process id: 11480","level":"info"}
{"message":"=========================================","level":"info"}
{"message":"Connected to database","level":"info"}
{"message":"App is listening on port 8080","level":"info"}
{"message":"App is running in production environment","level":"info"}
{"message":"Worker process id: 10768","level":"info"}
{"message":"=========================================","level":"info"}
{"message":"Connected to database","level":"info"}
{"message":"App is listening on port 8080","level":"info"}
{"message":"App is running in production environment","level":"info"}
{"message":"Worker process id: 12012","level":"info"}
{"message":"=========================================","level":"info"}
{"message":"Connected to database","level":"info"}
{"message":"App is listening on port 8080","level":"info"}
{"message":"App is running in production environment","level":"info"}
{"message":"Worker process id: 13928","level":"info"}
{"message":"=========================================","level":"info"}
{"message":"Connected to database","level":"info"}
{"message":"Connected to database","level":"info"}
{"message":"Connected to database","level":"info"}
{"message":"App is listening on port 8080","level":"info"}
{"message":"App is listening on port 8080","level":"info"}
{"message":"App is running in production environment","level":"info"}
{"message":"Worker process id: 12412","level":"info"}
{"message":"=========================================","level":"info"}
{"message":"Connected to database","level":"info"}
{"message":"App is running in production environment","level":"info"}
{"message":"Worker process id: 5864","level":"info"}
{"message":"=========================================","level":"info"}
{"message":"App is listening on port 8080","level":"info"}
{"message":"App is running in production environment","level":"info"}
{"message":"Worker process id: 13352","level":"info"}
{"message":"=========================================","level":"info"}
{"message":"Connected to database","level":"info"}
{"message":"App is listening on port 8080","level":"info"}
{"message":"Connected to database","level":"info"}
{"message":"App is running in production environment","level":"info"}
{"message":"Worker process id: 7664","level":"info"}
{"message":"=========================================","level":"info"}
{"message":"App is listening on port 8080","level":"info"}
{"message":"App is running in production environment","level":"info"}
{"message":"Worker process id: 12144","level":"info"}
{"message":"=========================================","level":"info"}
{"message":"App is listening on port 8080","level":"info"}
{"message":"App is running in production environment","level":"info"}
{"message":"Worker process id: 6648","level":"info"}
{"message":"=========================================","level":"info"}
{"message":"Connected to database","level":"info"}
{"message":"App is listening on port 8080","level":"info"}
{"message":"App is running in production environment","level":"info"}
{"message":"Worker process id: 7892","level":"info"}
{"message":"=========================================","level":"info"}
{"message":"Connected to database","level":"info"}
{"message":"App is listening on port 8080","level":"info"}
{"message":"App is running in production environment","level":"info"}
{"message":"Worker process id: 5924","level":"info"}
{"message":"=========================================","level":"info"}
{"message":"Connected to database","level":"info"}
{"message":"App is listening on port 8080","level":"info"}
{"message":"App is running in production environment","level":"info"}
{"message":"Worker process id: 9448","level":"info"}
{"message":"=========================================","level":"info"}
{"message":"Connected to database","level":"info"}
{"message":"Connected to database","level":"info"}
{"message":"App is listening on port 8080","level":"info"}
{"message":"App is running in production environment","level":"info"}
{"message":"Worker process id: 10968","level":"info"}
{"message":"=========================================","level":"info"}
{"message":"Connected to database","level":"info"}
{"message":"App is listening on port 8080","level":"info"}
{"message":"App is running in production environment","level":"info"}
{"message":"Worker process id: 13700","level":"info"}
{"message":"=========================================","level":"info"}
{"message":"App is listening on port 8080","level":"info"}
{"message":"App is running in production environment","level":"info"}
{"message":"Worker process id: 5500","level":"info"}
{"message":"=========================================","level":"info"}
{"message":"Connected to database","level":"info"}
{"message":"App is listening on port 8080","level":"info"}
{"message":"App is running in production environment","level":"info"}
{"message":"Worker process id: 7896","level":"info"}
{"message":"=========================================","level":"info"}
{"message":"Connected to database","level":"info"}
{"message":"App is listening on port 8080","level":"info"}
{"message":"App is running in production environment","level":"info"}
{"message":"Worker process id: 13176","level":"info"}
{"message":"=========================================","level":"info"}
{"message":"Connected to database","level":"info"}
{"message":"App is listening on port 8080","level":"info"}
{"message":"App is running in production environment","level":"info"}
{"message":"Worker process id: 5680","level":"info"}
{"message":"=========================================","level":"info"}
{"message":"Connected to database","level":"info"}
{"message":"App is listening on port 8080","level":"info"}
{"message":"App is running in production environment","level":"info"}
{"message":"Worker process id: 4964","level":"info"}
{"message":"=========================================","level":"info"}
{"message":"Connected to database","level":"info"}
{"message":"Connected to database","level":"info"}
{"message":"Connected to database","level":"info"}
{"message":"App is listening on port 8080","level":"info"}
{"message":"App is listening on port 8080","level":"info"}
{"message":"App is running in production environment","level":"info"}
{"message":"Worker process id: 12628","level":"info"}
{"message":"=========================================","level":"info"}
{"message":"App is running in production environment","level":"info"}
{"message":"Worker process id: 5180","level":"info"}
{"message":"=========================================","level":"info"}
{"message":"App is listening on port 8080","level":"info"}
{"message":"App is running in production environment","level":"info"}
{"message":"Worker process id: 3844","level":"info"}
{"message":"=========================================","level":"info"}
{"message":"Connected to database","level":"info"}
{"message":"Connected to database","level":"info"}
{"message":"App is listening on port 8080","level":"info"}
{"message":"App is running in production environment","level":"info"}
{"message":"Worker process id: 3508","level":"info"}
{"message":"=========================================","level":"info"}
{"message":"App is listening on port 8080","level":"info"}
{"message":"App is running in production environment","level":"info"}
{"message":"Worker process id: 3596","level":"info"}
{"message":"=========================================","level":"info"}
{"message":"Connected to database","level":"info"}
{"message":"App is listening on port 8080","level":"info"}
{"message":"App is running in production environment","level":"info"}
{"message":"Worker process id: 3872","level":"info"}
{"message":"=========================================","level":"info"}
{"message":"Connected to database","level":"info"}
{"message":"App is listening on port 8080","level":"info"}
{"message":"App is running in production environment","level":"info"}
{"message":"Worker process id: 10508","level":"info"}
{"message":"=========================================","level":"info"}
{"message":"Connected to database","level":"info"}
{"message":"App is listening on port 8080","level":"info"}
{"message":"App is running in production environment","level":"info"}
{"message":"Worker process id: 13944","level":"info"}
{"message":"=========================================","level":"info"}
{"message":"Connected to database","level":"info"}
{"message":"Connected to database","level":"info"}
{"message":"App is listening on port 8080","level":"info"}
{"message":"App is running in production environment","level":"info"}
{"message":"Worker process id: 13824","level":"info"}
{"message":"=========================================","level":"info"}
{"message":"App is listening on port 8080","level":"info"}
{"message":"App is running in production environment","level":"info"}
{"message":"Worker process id: 10672","level":"info"}
{"message":"=========================================","level":"info"}
{"message":"Connected to database","level":"info"}
{"message":"App is listening on port 8080","level":"info"}
{"message":"Connected to database","level":"info"}
{"message":"App is running in production environment","level":"info"}
{"message":"Worker process id: 12572","level":"info"}
{"message":"=========================================","level":"info"}
{"message":"App is listening on port 8080","level":"info"}
{"message":"App is running in production environment","level":"info"}
{"message":"Worker process id: 10608","level":"info"}
{"message":"=========================================","level":"info"}
{"message":"Connected to database","level":"info"}
{"message":"App is listening on port 8080","level":"info"}
{"message":"App is running in production environment","level":"info"}
{"message":"Worker process id: 12628","level":"info"}
{"message":"=========================================","level":"info"}
{"message":"Connected to database","level":"info"}
{"message":"App is listening on port 8080","level":"info"}
{"message":"App is running in production environment","level":"info"}
{"message":"Worker process id: 11332","level":"info"}
{"message":"=========================================","level":"info"}
{"message":"Connected to database","level":"info"}
{"message":"App is listening on port 8080","level":"info"}
{"message":"App is running in production environment","level":"info"}
{"message":"Worker process id: 13356","level":"info"}
{"message":"=========================================","level":"info"}
{"message":"Connected to database","level":"info"}
{"message":"App is listening on port 8080","level":"info"}
{"message":"App is running in production environment","level":"info"}
{"message":"Worker process id: 1628","level":"info"}
{"message":"=========================================","level":"info"}
{"message":"Connected to database","level":"info"}
{"message":"Connected to database","level":"info"}
{"message":"Connected to database","level":"info"}
{"message":"App is listening on port 8080","level":"info"}
{"message":"App is running in production environment","level":"info"}
{"message":"Worker process id: 7344","level":"info"}
{"message":"=========================================","level":"info"}
{"message":"Connected to database","level":"info"}
{"message":"App is listening on port 8080","level":"info"}
{"message":"App is listening on port 8080","level":"info"}
{"message":"App is running in production environment","level":"info"}
{"message":"Worker process id: 6192","level":"info"}
{"message":"=========================================","level":"info"}
{"message":"App is running in production environment","level":"info"}
{"message":"Worker process id: 14112","level":"info"}
{"message":"=========================================","level":"info"}
{"message":"App is listening on port 8080","level":"info"}
{"message":"App is running in production environment","level":"info"}
{"message":"Worker process id: 236","level":"info"}
{"message":"=========================================","level":"info"}
{"message":"Connected to database","level":"info"}
{"message":"Connected to database","level":"info"}
{"message":"App is listening on port 8080","level":"info"}
{"message":"App is running in production environment","level":"info"}
{"message":"Worker process id: 3276","level":"info"}
{"message":"=========================================","level":"info"}
{"message":"App is listening on port 8080","level":"info"}
{"message":"App is running in production environment","level":"info"}
{"message":"Worker process id: 9928","level":"info"}
{"message":"=========================================","level":"info"}
{"message":"Connected to database","level":"info"}
{"message":"App is listening on port 8080","level":"info"}
{"message":"App is running in production environment","level":"info"}
{"message":"Worker process id: 840","level":"info"}
{"message":"=========================================","level":"info"}
{"message":"Connected to database","level":"info"}
{"message":"App is listening on port 8080","level":"info"}
{"message":"App is running in production environment","level":"info"}
{"message":"Worker process id: 9308","level":"info"}
{"message":"=========================================","level":"info"}
{"message":"Connected to database","level":"info"}
{"message":"App is listening on port 8080","level":"info"}
{"message":"Connected to database","level":"info"}
{"message":"App is running in production environment","level":"info"}
{"message":"Worker process id: 7540","level":"info"}
{"message":"=========================================","level":"info"}
{"message":"App is listening on port 8080","level":"info"}
{"message":"App is running in production environment","level":"info"}
{"message":"Worker process id: 11340","level":"info"}
{"message":"=========================================","level":"info"}
{"message":"Connected to database","level":"info"}
{"message":"Connected to database","level":"info"}
{"message":"App is listening on port 8080","level":"info"}
{"message":"App is running in production environment","level":"info"}
{"message":"Worker process id: 9248","level":"info"}
{"message":"=========================================","level":"info"}
{"message":"App is listening on port 8080","level":"info"}
{"message":"Connected to database","level":"info"}
{"message":"Connected to database","level":"info"}
{"message":"App is running in production environment","level":"info"}
{"message":"Worker process id: 12860","level":"info"}
{"message":"=========================================","level":"info"}
{"message":"App is listening on port 8080","level":"info"}
{"message":"App is listening on port 8080","level":"info"}
{"message":"App is running in production environment","level":"info"}
{"message":"Worker process id: 6752","level":"info"}
{"message":"=========================================","level":"info"}
{"message":"App is running in production environment","level":"info"}
{"message":"Worker process id: 10308","level":"info"}
{"message":"=========================================","level":"info"}
{"message":"Connected to database","level":"info"}
{"message":"App is listening on port 8080","level":"info"}
{"message":"App is running in production environment","level":"info"}
{"message":"Worker process id: 7568","level":"info"}
{"message":"=========================================","level":"info"}
{"message":"Connected to database","level":"info"}
{"message":"App is listening on port 8080","level":"info"}
{"message":"App is running in production environment","level":"info"}
{"message":"Worker process id: 8864","level":"info"}
{"message":"=========================================","level":"info"}
